2025-05-14T08:25:07.503+02:00  INFO 20284 --- [todo-list-web] [main] todolistweb.ToDoListWeb                  : Starting ToDoListWeb using Java 23.0.1 with PID 20284 (C:\Users\andre\Documents\eclipse.workspace\spring-projekte\user-login\target\classes started by andre in C:\Users\andre\Documents\eclipse.workspace\spring-projekte\user-login)
2025-05-14T08:25:07.516+02:00  INFO 20284 --- [todo-list-web] [main] todolistweb.ToDoListWeb                  : The following 1 profile is active: "prod"
2025-05-14T08:25:10.449+02:00  INFO 20284 --- [todo-list-web] [main] o.apache.catalina.core.StandardService   : Starting service [Tomcat]
2025-05-14T08:25:10.450+02:00  INFO 20284 --- [todo-list-web] [main] o.apache.catalina.core.StandardEngine    : Starting Servlet engine: [Apache Tomcat/10.1.40]
2025-05-14T08:25:10.575+02:00  INFO 20284 --- [todo-list-web] [main] o.a.c.c.C.[Tomcat].[localhost].[/]       : Initializing Spring embedded WebApplicationContext
2025-05-14T08:25:11.153+02:00  INFO 20284 --- [todo-list-web] [main] o.hibernate.jpa.internal.util.LogHelper  : HHH000204: Processing PersistenceUnitInfo [name: default]
2025-05-14T08:25:11.278+02:00  INFO 20284 --- [todo-list-web] [main] org.hibernate.Version                    : HHH000412: Hibernate ORM core version 6.6.13.Final
2025-05-14T08:25:11.359+02:00  INFO 20284 --- [todo-list-web] [main] o.h.c.internal.RegionFactoryInitiator    : HHH000026: Second-level cache disabled
2025-05-14T08:25:12.007+02:00  INFO 20284 --- [todo-list-web] [main] com.zaxxer.hikari.HikariDataSource       : HikariPool-1 - Starting...
2025-05-14T08:25:12.513+02:00  INFO 20284 --- [todo-list-web] [main] com.zaxxer.hikari.pool.HikariPool        : HikariPool-1 - Added connection ConnectionID:1 ClientConnectionId: 58219eec-164a-451a-bb60-ecd6aa6e78bc
2025-05-14T08:25:12.518+02:00  INFO 20284 --- [todo-list-web] [main] com.zaxxer.hikari.HikariDataSource       : HikariPool-1 - Start completed.
2025-05-14T08:25:12.705+02:00  INFO 20284 --- [todo-list-web] [main] org.hibernate.orm.connections.pooling    : HHH10001005: Database info:
	Database JDBC URL [Connecting through datasource 'HikariDataSource (HikariPool-1)']
	Database driver: undefined/unknown
	Database version: 16.0
	Autocommit mode: undefined/unknown
	Isolation level: undefined/unknown
	Minimum pool size: undefined/unknown
	Maximum pool size: undefined/unknown
2025-05-14T08:25:14.116+02:00  INFO 20284 --- [todo-list-web] [main] o.h.e.t.j.p.i.JtaPlatformInitiator       : HHH000489: No JTA platform available (set 'hibernate.transaction.jta.platform' to enable JTA platform integration)
2025-05-14T08:25:18.624+02:00  INFO 20284 --- [todo-list-web] [main] todolistweb.ToDoListWeb                  : Started ToDoListWeb in 11.959 seconds (process running for 12.627)
2025-05-14T08:25:30.358+02:00  INFO 20284 --- [todo-list-web] [http-nio-8080-exec-1] o.a.c.c.C.[Tomcat].[localhost].[/]       : Initializing Spring DispatcherServlet 'dispatcherServlet'
2025-05-14T08:28:57.133+02:00  INFO 9548 --- [todo-list-web] [main] todolistweb.ToDoListWeb                  : Starting ToDoListWeb using Java 23.0.1 with PID 9548 (C:\Users\andre\Documents\eclipse.workspace\spring-projekte\user-login\target\classes started by andre in C:\Users\andre\Documents\eclipse.workspace\spring-projekte\user-login)
2025-05-14T08:28:57.137+02:00  INFO 9548 --- [todo-list-web] [main] todolistweb.ToDoListWeb                  : The following 1 profile is active: "prod"
2025-05-14T08:29:00.035+02:00  INFO 9548 --- [todo-list-web] [main] o.apache.catalina.core.StandardService   : Starting service [Tomcat]
2025-05-14T08:29:00.035+02:00  INFO 9548 --- [todo-list-web] [main] o.apache.catalina.core.StandardEngine    : Starting Servlet engine: [Apache Tomcat/10.1.40]
2025-05-14T08:29:00.149+02:00  INFO 9548 --- [todo-list-web] [main] o.a.c.c.C.[Tomcat].[localhost].[/]       : Initializing Spring embedded WebApplicationContext
2025-05-14T08:29:00.671+02:00  INFO 9548 --- [todo-list-web] [main] o.hibernate.jpa.internal.util.LogHelper  : HHH000204: Processing PersistenceUnitInfo [name: default]
2025-05-14T08:29:00.765+02:00  INFO 9548 --- [todo-list-web] [main] org.hibernate.Version                    : HHH000412: Hibernate ORM core version 6.6.13.Final
2025-05-14T08:29:00.816+02:00  INFO 9548 --- [todo-list-web] [main] o.h.c.internal.RegionFactoryInitiator    : HHH000026: Second-level cache disabled
2025-05-14T08:29:01.461+02:00  INFO 9548 --- [todo-list-web] [main] com.zaxxer.hikari.HikariDataSource       : HikariPool-1 - Starting...
2025-05-14T08:29:01.911+02:00  INFO 9548 --- [todo-list-web] [main] com.zaxxer.hikari.pool.HikariPool        : HikariPool-1 - Added connection ConnectionID:1 ClientConnectionId: 56bde067-7b39-4f7e-9e3a-84b39f44505a
2025-05-14T08:29:01.915+02:00  INFO 9548 --- [todo-list-web] [main] com.zaxxer.hikari.HikariDataSource       : HikariPool-1 - Start completed.
2025-05-14T08:29:02.129+02:00  INFO 9548 --- [todo-list-web] [main] org.hibernate.orm.connections.pooling    : HHH10001005: Database info:
	Database JDBC URL [Connecting through datasource 'HikariDataSource (HikariPool-1)']
	Database driver: undefined/unknown
	Database version: 16.0
	Autocommit mode: undefined/unknown
	Isolation level: undefined/unknown
	Minimum pool size: undefined/unknown
	Maximum pool size: undefined/unknown
2025-05-14T08:29:03.469+02:00  INFO 9548 --- [todo-list-web] [main] o.h.e.t.j.p.i.JtaPlatformInitiator       : HHH000489: No JTA platform available (set 'hibernate.transaction.jta.platform' to enable JTA platform integration)
2025-05-14T08:29:07.616+02:00  INFO 9548 --- [todo-list-web] [main] todolistweb.ToDoListWeb                  : Started ToDoListWeb in 11.316 seconds (process running for 11.946)
2025-05-14T08:29:12.939+02:00  INFO 9548 --- [todo-list-web] [http-nio-8080-exec-1] o.a.c.c.C.[Tomcat].[localhost].[/]       : Initializing Spring DispatcherServlet 'dispatcherServlet'
2025-05-14T09:18:05.408+02:00  INFO 4192 --- [todo-list-web] [main] todolistweb.ToDoListWeb                  : Starting ToDoListWeb using Java 23.0.1 with PID 4192 (C:\Users\andre\Documents\eclipse.workspace\spring-projekte\user-login\target\classes started by andre in C:\Users\andre\Documents\eclipse.workspace\spring-projekte\user-login)
2025-05-14T09:18:05.411+02:00  INFO 4192 --- [todo-list-web] [main] todolistweb.ToDoListWeb                  : The following 1 profile is active: "prod"
2025-05-14T09:18:08.079+02:00  INFO 4192 --- [todo-list-web] [main] o.apache.catalina.core.StandardService   : Starting service [Tomcat]
2025-05-14T09:18:08.080+02:00  INFO 4192 --- [todo-list-web] [main] o.apache.catalina.core.StandardEngine    : Starting Servlet engine: [Apache Tomcat/10.1.40]
2025-05-14T09:18:08.180+02:00  INFO 4192 --- [todo-list-web] [main] o.a.c.c.C.[Tomcat].[localhost].[/]       : Initializing Spring embedded WebApplicationContext
2025-05-14T09:18:08.827+02:00  INFO 4192 --- [todo-list-web] [main] o.hibernate.jpa.internal.util.LogHelper  : HHH000204: Processing PersistenceUnitInfo [name: default]
2025-05-14T09:18:08.908+02:00  INFO 4192 --- [todo-list-web] [main] org.hibernate.Version                    : HHH000412: Hibernate ORM core version 6.6.13.Final
2025-05-14T09:18:08.966+02:00  INFO 4192 --- [todo-list-web] [main] o.h.c.internal.RegionFactoryInitiator    : HHH000026: Second-level cache disabled
2025-05-14T09:18:09.585+02:00  INFO 4192 --- [todo-list-web] [main] com.zaxxer.hikari.HikariDataSource       : HikariPool-1 - Starting...
2025-05-14T09:18:10.084+02:00  INFO 4192 --- [todo-list-web] [main] com.zaxxer.hikari.pool.HikariPool        : HikariPool-1 - Added connection ConnectionID:1 ClientConnectionId: 9c16d9ef-4308-41e4-9be9-81c75f1d0979
2025-05-14T09:18:10.086+02:00  INFO 4192 --- [todo-list-web] [main] com.zaxxer.hikari.HikariDataSource       : HikariPool-1 - Start completed.
2025-05-14T09:18:10.268+02:00  INFO 4192 --- [todo-list-web] [main] org.hibernate.orm.connections.pooling    : HHH10001005: Database info:
	Database JDBC URL [Connecting through datasource 'HikariDataSource (HikariPool-1)']
	Database driver: undefined/unknown
	Database version: 16.0
	Autocommit mode: undefined/unknown
	Isolation level: undefined/unknown
	Minimum pool size: undefined/unknown
	Maximum pool size: undefined/unknown
2025-05-14T09:18:11.635+02:00  INFO 4192 --- [todo-list-web] [main] o.h.e.t.j.p.i.JtaPlatformInitiator       : HHH000489: No JTA platform available (set 'hibernate.transaction.jta.platform' to enable JTA platform integration)
2025-05-14T09:18:15.863+02:00  INFO 4192 --- [todo-list-web] [main] todolistweb.ToDoListWeb                  : Started ToDoListWeb in 11.269 seconds (process running for 11.886)
2025-05-14T09:18:15.970+02:00  INFO 4192 --- [todo-list-web] [http-nio-8080-exec-1] o.a.c.c.C.[Tomcat].[localhost].[/]       : Initializing Spring DispatcherServlet 'dispatcherServlet'
2025-05-14T09:23:55.787+02:00  INFO 5884 --- [todo-list-web] [main] todolistweb.ToDoListWeb                  : Starting ToDoListWeb using Java 23.0.1 with PID 5884 (C:\Users\andre\Documents\eclipse.workspace\spring-projekte\user-login\target\classes started by andre in C:\Users\andre\Documents\eclipse.workspace\spring-projekte\user-login)
2025-05-14T09:23:55.790+02:00  INFO 5884 --- [todo-list-web] [main] todolistweb.ToDoListWeb                  : The following 1 profile is active: "prod"
2025-05-14T09:23:58.604+02:00  INFO 5884 --- [todo-list-web] [main] o.apache.catalina.core.StandardService   : Starting service [Tomcat]
2025-05-14T09:23:58.605+02:00  INFO 5884 --- [todo-list-web] [main] o.apache.catalina.core.StandardEngine    : Starting Servlet engine: [Apache Tomcat/10.1.40]
2025-05-14T09:23:58.715+02:00  INFO 5884 --- [todo-list-web] [main] o.a.c.c.C.[Tomcat].[localhost].[/]       : Initializing Spring embedded WebApplicationContext
2025-05-14T09:23:59.181+02:00  INFO 5884 --- [todo-list-web] [main] o.hibernate.jpa.internal.util.LogHelper  : HHH000204: Processing PersistenceUnitInfo [name: default]
2025-05-14T09:23:59.281+02:00  INFO 5884 --- [todo-list-web] [main] org.hibernate.Version                    : HHH000412: Hibernate ORM core version 6.6.13.Final
2025-05-14T09:23:59.337+02:00  INFO 5884 --- [todo-list-web] [main] o.h.c.internal.RegionFactoryInitiator    : HHH000026: Second-level cache disabled
2025-05-14T09:23:59.921+02:00  INFO 5884 --- [todo-list-web] [main] com.zaxxer.hikari.HikariDataSource       : HikariPool-1 - Starting...
2025-05-14T09:24:00.408+02:00  INFO 5884 --- [todo-list-web] [main] com.zaxxer.hikari.pool.HikariPool        : HikariPool-1 - Added connection ConnectionID:1 ClientConnectionId: 0f0ee9d1-3c4a-4dbb-9fff-cc2555e03db4
2025-05-14T09:24:00.410+02:00  INFO 5884 --- [todo-list-web] [main] com.zaxxer.hikari.HikariDataSource       : HikariPool-1 - Start completed.
2025-05-14T09:24:00.573+02:00  INFO 5884 --- [todo-list-web] [main] org.hibernate.orm.connections.pooling    : HHH10001005: Database info:
	Database JDBC URL [Connecting through datasource 'HikariDataSource (HikariPool-1)']
	Database driver: undefined/unknown
	Database version: 16.0
	Autocommit mode: undefined/unknown
	Isolation level: undefined/unknown
	Minimum pool size: undefined/unknown
	Maximum pool size: undefined/unknown
2025-05-14T09:24:01.867+02:00  INFO 5884 --- [todo-list-web] [main] o.h.e.t.j.p.i.JtaPlatformInitiator       : HHH000489: No JTA platform available (set 'hibernate.transaction.jta.platform' to enable JTA platform integration)
2025-05-14T09:24:05.901+02:00  INFO 5884 --- [todo-list-web] [main] todolistweb.ToDoListWeb                  : Started ToDoListWeb in 10.94 seconds (process running for 11.605)
2025-05-14T09:24:11.965+02:00  INFO 5884 --- [todo-list-web] [http-nio-8080-exec-1] o.a.c.c.C.[Tomcat].[localhost].[/]       : Initializing Spring DispatcherServlet 'dispatcherServlet'
2025-05-14T09:30:31.104+02:00  INFO 32964 --- [todo-list-web] [main] todolistweb.ToDoListWeb                  : Starting ToDoListWeb using Java 23.0.1 with PID 32964 (C:\Users\andre\Documents\eclipse.workspace\spring-projekte\user-login\target\classes started by andre in C:\Users\andre\Documents\eclipse.workspace\spring-projekte\user-login)
2025-05-14T09:30:31.109+02:00  INFO 32964 --- [todo-list-web] [main] todolistweb.ToDoListWeb                  : The following 1 profile is active: "prod"
2025-05-14T09:30:33.982+02:00  INFO 32964 --- [todo-list-web] [main] o.apache.catalina.core.StandardService   : Starting service [Tomcat]
2025-05-14T09:30:33.983+02:00  INFO 32964 --- [todo-list-web] [main] o.apache.catalina.core.StandardEngine    : Starting Servlet engine: [Apache Tomcat/10.1.40]
2025-05-14T09:30:34.076+02:00  INFO 32964 --- [todo-list-web] [main] o.a.c.c.C.[Tomcat].[localhost].[/]       : Initializing Spring embedded WebApplicationContext
2025-05-14T09:30:34.561+02:00  INFO 32964 --- [todo-list-web] [main] o.hibernate.jpa.internal.util.LogHelper  : HHH000204: Processing PersistenceUnitInfo [name: default]
2025-05-14T09:30:34.660+02:00  INFO 32964 --- [todo-list-web] [main] org.hibernate.Version                    : HHH000412: Hibernate ORM core version 6.6.13.Final
2025-05-14T09:30:34.708+02:00  INFO 32964 --- [todo-list-web] [main] o.h.c.internal.RegionFactoryInitiator    : HHH000026: Second-level cache disabled
2025-05-14T09:30:35.366+02:00  INFO 32964 --- [todo-list-web] [main] com.zaxxer.hikari.HikariDataSource       : HikariPool-1 - Starting...
2025-05-14T09:30:35.846+02:00  INFO 32964 --- [todo-list-web] [main] com.zaxxer.hikari.pool.HikariPool        : HikariPool-1 - Added connection ConnectionID:1 ClientConnectionId: 12192fc2-a568-4add-941b-9bac70c2b8c5
2025-05-14T09:30:35.848+02:00  INFO 32964 --- [todo-list-web] [main] com.zaxxer.hikari.HikariDataSource       : HikariPool-1 - Start completed.
2025-05-14T09:30:36.046+02:00  INFO 32964 --- [todo-list-web] [main] org.hibernate.orm.connections.pooling    : HHH10001005: Database info:
	Database JDBC URL [Connecting through datasource 'HikariDataSource (HikariPool-1)']
	Database driver: undefined/unknown
	Database version: 16.0
	Autocommit mode: undefined/unknown
	Isolation level: undefined/unknown
	Minimum pool size: undefined/unknown
	Maximum pool size: undefined/unknown
2025-05-14T09:30:37.355+02:00  INFO 32964 --- [todo-list-web] [main] o.h.e.t.j.p.i.JtaPlatformInitiator       : HHH000489: No JTA platform available (set 'hibernate.transaction.jta.platform' to enable JTA platform integration)
2025-05-14T09:30:41.456+02:00  INFO 32964 --- [todo-list-web] [main] todolistweb.ToDoListWeb                  : Started ToDoListWeb in 11.154 seconds (process running for 11.819)
2025-05-14T09:30:45.285+02:00  INFO 32964 --- [todo-list-web] [http-nio-8080-exec-2] o.a.c.c.C.[Tomcat].[localhost].[/]       : Initializing Spring DispatcherServlet 'dispatcherServlet'
